C51 COMPILER V9.55   SI4010_DATA                                                           07/21/2017 09:11:03 PAGE 1   


C51 COMPILER V9.55, COMPILATION OF MODULE SI4010_DATA
OBJECT MODULE PLACED IN si4010_data.OBJ
COMPILER INVOKED BY: C:\Keil\C51\BIN\C51.exe si4010_data.c DB OE BR BROWSE NOAREGS NOINTPROMOTE DEBUG OBJECTEXTEND CODE 
                    -SYMBOLS INCDIR(..\src;..\..\common\src;c:\SiLabs\MCU\Inc)

line level    source

   1          /*------------------------------------------------------------------------------
   2           *                          Silicon Laboratories, Inc.
   3           *                           http://www.silabs.com
   4           *                               Copyright 2010
   5           *------------------------------------------------------------------------------
   6           *
   7           *    FILE:       si4010_data.c
   8           *    TARGET:     Si4010
   9           *    TOOLCHAIN:  Generic
  10           *    DATE:       April 20, 2010, Tuesday
  11           *    RELEASE:    2.1 (JimG)
  12           *
  13           *------------------------------------------------------------------------------
  14           *
  15           *    DESCRIPTION:
  16           *      Definitions of global XDATA and XREG variables for Si4010
  17           *      at fixed XDATA locations. The file must be included
  18           *      in the project and linked with an application.
  19           *
  20           *------------------------------------------------------------------------------
  21           *
  22           *    INCLUDES:
  23           */
  24          #define _SI4010_DATA_C
  25          #include "si4010.h"
  26          
  27          /*
  28           *------------------------------------------------------------------------------
  29           */
C51 COMPILER V9.55   SI4010_DATA                                                           07/21/2017 09:11:03 PAGE 2   

ASSEMBLY LISTING OF GENERATED OBJECT CODE


C51 COMPILER V9.55   SI4010_DATA                                                           07/21/2017 09:11:03 PAGE 3   

NAME                                    CLASS   MSPACE  TYPE    OFFSET  SIZE
====                                    =====   ======  ====    ======  ====


P0 . . . . . . . . . . . . . . . . . .  SFR      DATA   U_CHAR   0080H  1
P1 . . . . . . . . . . . . . . . . . .  SFR      DATA   U_CHAR   0090H  1
bLPOSC_TRIM. . . . . . . . . . . . . .  PUBLIC   XDATA  U_CHAR   4002H  1
abMTP_RDATA. . . . . . . . . . . . . .  PUBLIC   XDATA  ARRAY    4040H  16
bPORT_TST. . . . . . . . . . . . . . .  PUBLIC   XDATA  U_CHAR   4017H  1
LWORD. . . . . . . . . . . . . . . . .  TYPEDEF  -----  U_LONG   -----  4
IE . . . . . . . . . . . . . . . . . .  SFR      DATA   U_CHAR   00A8H  1
bBoot_BootStat . . . . . . . . . . . .  PUBLIC   XDATA  U_CHAR   11FFH  1
bPA_TRIM . . . . . . . . . . . . . . .  PUBLIC   XDATA  U_CHAR   4012H  1
wBoot_DpramTrimBeg . . . . . . . . . .  PUBLIC   XDATA  U_CHAR   11F3H  1
IP . . . . . . . . . . . . . . . . . .  SFR      DATA   U_CHAR   00B8H  1
CHAR . . . . . . . . . . . . . . . . .  TYPEDEF  -----  CHAR     -----  1
bXO_CTRL . . . . . . . . . . . . . . .  PUBLIC   XDATA  U_CHAR   4016H  1
i8 . . . . . . . . . . . . . . . . . .  TYPEDEF  -----  CHAR     -----  1
u8 . . . . . . . . . . . . . . . . . .  TYPEDEF  -----  U_CHAR   -----  1
BYTE . . . . . . . . . . . . . . . . .  TYPEDEF  -----  U_CHAR   -----  1
wBoot_NvmCopyAddr. . . . . . . . . . .  PUBLIC   XDATA  U_CHAR   11FDH  1
WORD . . . . . . . . . . . . . . . . .  TYPEDEF  -----  U_INT    -----  2
wPA_CAP. . . . . . . . . . . . . . . .  PUBLIC   XDATA  U_INT    400CH  2
abBoot_Reserve0. . . . . . . . . . . .  PUBLIC   XDATA  ARRAY    11E0H  19
abBoot_Reserve1. . . . . . . . . . . .  PUBLIC   XDATA  ARRAY    11F7H  6
i32. . . . . . . . . . . . . . . . . .  TYPEDEF  -----  LONG     -----  4
i16. . . . . . . . . . . . . . . . . .  TYPEDEF  -----  INT      -----  2
wBoot_NvmUserBeg . . . . . . . . . . .  PUBLIC   XDATA  U_CHAR   11F5H  1
u32. . . . . . . . . . . . . . . . . .  TYPEDEF  -----  U_LONG   -----  4
u16. . . . . . . . . . . . . . . . . .  TYPEDEF  -----  U_INT    -----  2
TMR2CTRL . . . . . . . . . . . . . . .  SFR      DATA   U_CHAR   00C8H  1
lFC_COUNT. . . . . . . . . . . . . . .  PUBLIC   XDATA  U_LONG   4008H  4
PSW. . . . . . . . . . . . . . . . . .  SFR      DATA   U_CHAR   00D0H  1


MODULE INFORMATION:   STATIC OVERLAYABLE
   CODE SIZE        =   ----    ----
   CONSTANT SIZE    =   ----    ----
   XDATA SIZE       =   ----    ----
   PDATA SIZE       =   ----    ----
   DATA SIZE        =   ----    ----
   IDATA SIZE       =   ----    ----
   BIT SIZE         =   ----    ----
END OF MODULE INFORMATION.


C51 COMPILATION COMPLETE.  0 WARNING(S),  0 ERROR(S)
