C51 COMPILER V9.55   SI4010_LINK                                                           07/20/2017 16:33:06 PAGE 1   


C51 COMPILER V9.55, COMPILATION OF MODULE SI4010_LINK
OBJECT MODULE PLACED IN si4010_link.OBJ
COMPILER INVOKED BY: C:\Keil\C51\BIN\C51.exe si4010_link.c DB OE BR BROWSE NOAREGS NOINTPROMOTE DEBUG OBJECTEXTEND CODE 
                    -SYMBOLS INCDIR(..\src;..\..\common\src;c:\SiLabs\MCU\Inc)

line level    source

   1          /*------------------------------------------------------------------------------
   2           *                          Silicon Laboratories, Inc.
   3           *                           http://www.silabs.com
   4           *                               Copyright 2010
   5           *------------------------------------------------------------------------------
   6           *
   7           *    FILE:       si4010_link.c
   8           *    TARGET:     Si4010
   9           *    TOOLCHAIN:  Keil, Raisonance
  10           *    DATE:       June 14, 2010, Monday
  11           *    RELEASE:    2.2 (MPech), ROM version 02.00, trim 3
  12           *
  13           *------------------------------------------------------------------------------
  14           *
  15           *    DESCRIPTION:
  16           *      Definitions of reserved spaced in DATA and IDATA.
  17           *      The file must be included in the project and linked with
  18           *      an application to notify a linker about the absolute reserved
  19           *      spaces. By doing the space reserve this way makes things easier
  20           *      for linking.
  21           *
  22           *------------------------------------------------------------------------------
  23           *
  24           *    INCLUDES:
  25           */
  26          #include "si4010.h"
  27          
  28          /*
  29           *------------------------------------------------------------------------------
  30           *
  31           *    MACROS:
  32           */
  33          
  34          /* API occupied DATA space */
  35          #define bLink_DataApiBeg_c    0x30      /* DATA beginning address */
  36          #define bLink_DataApiLen_c    0x10      /* Length in bytes */
  37          
  38          /* API occupied IDATA space */
  39          #define bLink_IdataApiBeg_c   0xc0      /* IDATA beginning address */
  40          #define bLink_IdataApiLen_c   (0xff-bLink_IdataApiBeg_c+1)  /* Till the end */
  41          
  42          /*
  43           *------------------------------------------------------------------------------
  44           *
  45           *    GLOBAL VARIABLES:
  46           */
  47          
  48          /* -- Reserved DATA and IDATA API spaces */
  49          BYTE data  abSi4010_DataApiReserve[bLink_DataApiLen_c]
  50                                  _at_ bLink_DataApiBeg_c;
  51          
  52          BYTE idata abSi4010_IdataApiReserve[bLink_IdataApiLen_c]
  53                                  _at_ bLink_IdataApiBeg_c;
  54          
C51 COMPILER V9.55   SI4010_LINK                                                           07/20/2017 16:33:06 PAGE 2   

  55          /* -- Reserved XDATA space */
  56          
  57          /* The CODE/XDATA memory has address ranges 0x0000 .. 0x11FF. The si4010.h
  58           * through si4010_data.c specifies boot reserved area 0x11E0 .. 0x11FF.
  59           * Therefore, only the area 0x0000 .. 0x11DF is possibly available for user
  60           * CODE and XDATA.
  61           *
  62           * IMPORTANT: There is further limit on CODE/XDATA memory since
  63           * the Factory chip will use some the CODE/XDATA memory towards the
  64           * end of the CODE/XDATA space, ending at 0x11DF. The user must read
  65           * the wBoot_DpramTrimBeg variable to get the first occupied
  66           * address by Factory data. Anything below that (towards 0x0000)
  67           * is available for user CODE/XDATA to use.
  68           *
  69           * To automatically guide linker to avoid the reserved space
  70           * the user may modify the following section and modify
  71           * the beginning address of the reserved area in the CODE/XDATA RAM.
  72           * The user has to look at the content of wBoot_DpramTrimBeg
  73           * residing at the address 0x11F3. The variable content is directly accessible
  74           * from the SiLabs IDE:
  75           *   View -> Debug Windows -> Si4010 -> System Vars
  76           *
  77           * The user is still responsible for AVOIDING the CODE/XDATA
  78           * section overlap and for the CODE not reaching over
  79           * XDATA boundary specified in wBoot_DpramTrimBeg.
  80           */
  81          
  82          /* >-- Modify and/or comment/uncomment the following section as needed: */
  83          
  84            #define wLink_XdataApiBeg_c  (0x1080)  /* <-- wBoot_DpramTrimBeg content */
  85            #define wLink_XdataApiLen_c  (0x11E0-wLink_XdataApiBeg_c)
  86          
  87            BYTE xdata abSi4010_XdataApiReserve[wLink_XdataApiLen_c]
  88                                          _at_ wLink_XdataApiBeg_c;
  89          
  90          /* <-- End of the linker reserved XDATA dummy section */
  91          
  92          /*
  93           *------------------------------------------------------------------------------
  94           */
  95          
C51 COMPILER V9.55   SI4010_LINK                                                           07/20/2017 16:33:06 PAGE 3   

ASSEMBLY LISTING OF GENERATED OBJECT CODE


C51 COMPILER V9.55   SI4010_LINK                                                           07/20/2017 16:33:06 PAGE 4   

NAME                                    CLASS   MSPACE  TYPE    OFFSET  SIZE
====                                    =====   ======  ====    ======  ====


P0 . . . . . . . . . . . . . . . . . .  SFR      DATA   U_CHAR   0080H  1
P1 . . . . . . . . . . . . . . . . . .  SFR      DATA   U_CHAR   0090H  1
LWORD. . . . . . . . . . . . . . . . .  TYPEDEF  -----  U_LONG   -----  4
abSi4010_IdataApiReserve . . . . . . .  PUBLIC   IDATA  ARRAY    00C0H  64
IE . . . . . . . . . . . . . . . . . .  SFR      DATA   U_CHAR   00A8H  1
IP . . . . . . . . . . . . . . . . . .  SFR      DATA   U_CHAR   00B8H  1
abSi4010_XdataApiReserve . . . . . . .  PUBLIC   XDATA  ARRAY    1080H  352
CHAR . . . . . . . . . . . . . . . . .  TYPEDEF  -----  CHAR     -----  1
i8 . . . . . . . . . . . . . . . . . .  TYPEDEF  -----  CHAR     -----  1
abSi4010_DataApiReserve. . . . . . . .  PUBLIC   DATA   ARRAY    0030H  16
u8 . . . . . . . . . . . . . . . . . .  TYPEDEF  -----  U_CHAR   -----  1
BYTE . . . . . . . . . . . . . . . . .  TYPEDEF  -----  U_CHAR   -----  1
WORD . . . . . . . . . . . . . . . . .  TYPEDEF  -----  U_INT    -----  2
i32. . . . . . . . . . . . . . . . . .  TYPEDEF  -----  LONG     -----  4
i16. . . . . . . . . . . . . . . . . .  TYPEDEF  -----  INT      -----  2
u32. . . . . . . . . . . . . . . . . .  TYPEDEF  -----  U_LONG   -----  4
u16. . . . . . . . . . . . . . . . . .  TYPEDEF  -----  U_INT    -----  2
TMR2CTRL . . . . . . . . . . . . . . .  SFR      DATA   U_CHAR   00C8H  1
PSW. . . . . . . . . . . . . . . . . .  SFR      DATA   U_CHAR   00D0H  1


MODULE INFORMATION:   STATIC OVERLAYABLE
   CODE SIZE        =   ----    ----
   CONSTANT SIZE    =   ----    ----
   XDATA SIZE       =   ----    ----
   PDATA SIZE       =   ----    ----
   DATA SIZE        =   ----    ----
   IDATA SIZE       =   ----    ----
   BIT SIZE         =   ----    ----
END OF MODULE INFORMATION.


C51 COMPILATION COMPLETE.  0 WARNING(S),  0 ERROR(S)
